<?xml version="1.0" encoding="UTF-8"?>
<!-- Generated by org.testng.reporters.JUnitReportReporter -->
<testsuite hostname="DESKTOP-O2VAEQR" failures="0" tests="3" name="bddcucumberframework.CucumberTagsTestRunner" time="0.140" errors="0" timestamp="2024-09-26T12:30:17 IST" skipped="0">
  <testcase classname="bddcucumberframework.CucumberTagsTestRunner" name="runScenario" time="0.011"/>
  <testcase classname="bddcucumberframework.CucumberTagsTestRunner" name="runScenario" time="0.114"/>
  <testcase classname="bddcucumberframework.CucumberTagsTestRunner" name="runScenario" time="0.015"/>
</testsuite> <!-- bddcucumberframework.CucumberTagsTestRunner -->
